<?xml version="1.0" encoding="UTF-8"?>
<!-- Generated by org.testng.reporters.JUnitXMLReporter -->
<testsuite ignored="4" hostname="DESKTOP-AQ958C6" failures="1" tests="3" name="Tests" time="16.148" errors="0" timestamp="2024-04-20T19:23:00 EEST">
  <testcase classname="LoginTest" name="loginTest" time="3.405"/>
  <testcase classname="signUpTest" name="registerTest" time="2.965">
    <failure type="java.lang.NullPointerException">
      <![CDATA[java.lang.NullPointerException
at signUpTest.registerTest(signUpTest.java:81)
at java.base/java.util.ArrayList.forEach(ArrayList.java:1511)
... Removed 31 stack frames]]>
    </failure>
  </testcase> <!-- registerTest -->
  <testcase classname="LikeButtonTest" name="LikeButton" time="3.205"/>
  <testcase classname="Screenshot" name="@BeforeSuite setupTestSuite" time="0.0">
    <ignored/>
  </testcase> <!-- @BeforeSuite setupTestSuite -->
  <testcase classname="Screenshot" name="@AfterSuite deleteDownloadFiles" time="0.0">
    <ignored/>
  </testcase> <!-- @AfterSuite deleteDownloadFiles -->
  <testcase classname="Screenshot" name="@AfterSuite deleteDownloadFiles" time="0.0">
    <ignored/>
  </testcase> <!-- @AfterSuite deleteDownloadFiles -->
  <testcase classname="Screenshot" name="@BeforeSuite setupTestSuite" time="0.0">
    <ignored/>
  </testcase> <!-- @BeforeSuite setupTestSuite -->
</testsuite> <!-- Tests -->
