<?xml version="1.0" encoding="UTF-8"?>
<testng-results ignored="4" total="7" passed="2" failed="1" skipped="0">
  <reporter-output>
  </reporter-output>
  <suite started-at="2024-04-20T19:22:44 EEST" name="Web test suite" finished-at="2024-04-20T19:23:00 EEST" duration-ms="16148">
    <groups>
    </groups>
    <test started-at="2024-04-20T19:22:44 EEST" name="Tests" finished-at="2024-04-20T19:23:00 EEST" duration-ms="16148">
      <class name="signUpTest">
        <test-method is-config="true" signature="setUpTest()[pri:0, instance:signUpTest@694abbdc]" started-at="2024-04-20T19:22:50 EEST" name="setUpTest" finished-at="2024-04-20T19:22:51 EEST" duration-ms="1311" status="PASS">
          <reporter-output>
          </reporter-output>
        </test-method> <!-- setUpTest -->
        <test-method signature="registerTest(java.lang.String,java.lang.String,java.lang.String,java.lang.String)[pri:0, instance:signUpTest@694abbdc]" started-at="2024-04-20T19:22:51 EEST" name="registerTest" data-provider="getUser" finished-at="2024-04-20T19:22:54 EEST" duration-ms="2965" status="FAIL">
          <params>
            <param index="0">
              <value>
                <![CDATA[Shelby]]>
              </value>
            </param>
            <param index="1">
              <value>
                <![CDATA[Shelby@mail.com]]>
              </value>
            </param>
            <param index="2">
              <value>
                <![CDATA[Shelby]]>
              </value>
            </param>
            <param index="3">
              <value>
                <![CDATA[Shelby]]>
              </value>
            </param>
          </params>
          <exception class="java.lang.NullPointerException">
            <full-stacktrace>
              <![CDATA[java.lang.NullPointerException
at signUpTest.registerTest(signUpTest.java:81)
at java.base/jdk.internal.reflect.NativeMethodAccessorImpl.invoke0(Native Method)
at java.base/jdk.internal.reflect.NativeMethodAccessorImpl.invoke(NativeMethodAccessorImpl.java:62)
at java.base/jdk.internal.reflect.DelegatingMethodAccessorImpl.invoke(DelegatingMethodAccessorImpl.java:43)
at java.base/java.lang.reflect.Method.invoke(Method.java:564)
at org.testng.internal.invokers.MethodInvocationHelper.invokeMethod(MethodInvocationHelper.java:139)
at org.testng.internal.invokers.TestInvoker.invokeMethod(TestInvoker.java:677)
at org.testng.internal.invokers.TestInvoker.invokeTestMethod(TestInvoker.java:221)
at org.testng.internal.invokers.MethodRunner.runInSequence(MethodRunner.java:50)
at org.testng.internal.invokers.TestInvoker$MethodInvocationAgent.invoke(TestInvoker.java:969)
at org.testng.internal.invokers.TestInvoker.invokeTestMethods(TestInvoker.java:194)
at org.testng.internal.invokers.TestMethodWorker.invokeTestMethods(TestMethodWorker.java:148)
at org.testng.internal.invokers.TestMethodWorker.run(TestMethodWorker.java:128)
at java.base/java.util.ArrayList.forEach(ArrayList.java:1511)
at org.testng.TestRunner.privateRun(TestRunner.java:829)
at org.testng.TestRunner.run(TestRunner.java:602)
at org.testng.SuiteRunner.runTest(SuiteRunner.java:437)
at org.testng.SuiteRunner.runSequentially(SuiteRunner.java:431)
at org.testng.SuiteRunner.privateRun(SuiteRunner.java:391)
at org.testng.SuiteRunner.run(SuiteRunner.java:330)
at org.testng.SuiteRunnerWorker.runSuite(SuiteRunnerWorker.java:52)
at org.testng.SuiteRunnerWorker.run(SuiteRunnerWorker.java:95)
at org.testng.TestNG.runSuitesSequentially(TestNG.java:1256)
at org.testng.TestNG.runSuitesLocally(TestNG.java:1176)
at org.testng.TestNG.runSuites(TestNG.java:1099)
at org.testng.TestNG.run(TestNG.java:1067)
at org.apache.maven.surefire.testng.TestNGExecutor.run(TestNGExecutor.java:324)
at org.apache.maven.surefire.testng.TestNGXmlTestSuite.execute(TestNGXmlTestSuite.java:74)
at org.apache.maven.surefire.testng.TestNGProvider.invoke(TestNGProvider.java:123)
at org.apache.maven.surefire.booter.ForkedBooter.runSuitesInProcess(ForkedBooter.java:456)
at org.apache.maven.surefire.booter.ForkedBooter.execute(ForkedBooter.java:169)
at org.apache.maven.surefire.booter.ForkedBooter.run(ForkedBooter.java:595)
at org.apache.maven.surefire.booter.ForkedBooter.main(ForkedBooter.java:581)
]]>
            </full-stacktrace>
          </exception> <!-- java.lang.NullPointerException -->
          <reporter-output>
          </reporter-output>
        </test-method> <!-- registerTest -->
        <test-method is-config="true" signature="tearDownTest(org.testng.ITestResult)[pri:0, instance:signUpTest@694abbdc]" started-at="2024-04-20T19:22:54 EEST" name="tearDownTest" finished-at="2024-04-20T19:22:55 EEST" duration-ms="859" status="PASS">
          <params>
            <param index="0">
              <value>
                <![CDATA[[TestResult name=registerTest status=FAILURE method=signUpTest.registerTest(java.lang.String,java.lang.String,java.lang.String,java.lang.String)[pri:0, instance:signUpTest@694abbdc] output={null}]]]>
              </value>
            </param>
          </params>
          <reporter-output>
          </reporter-output>
        </test-method> <!-- tearDownTest -->
      </class> <!-- signUpTest -->
      <class name="LikeButtonTest">
        <test-method is-config="true" signature="setUpTest()[pri:0, instance:LikeButtonTest@2e005c4b]" started-at="2024-04-20T19:22:55 EEST" name="setUpTest" finished-at="2024-04-20T19:22:56 EEST" duration-ms="1292" status="PASS">
          <reporter-output>
          </reporter-output>
        </test-method> <!-- setUpTest -->
        <test-method signature="LikeButton(java.lang.String,java.lang.String)[pri:0, instance:LikeButtonTest@2e005c4b]" started-at="2024-04-20T19:22:56 EEST" name="LikeButton" data-provider="getUser" finished-at="2024-04-20T19:22:59 EEST" duration-ms="3205" status="PASS">
          <params>
            <param index="0">
              <value>
                <![CDATA[Shelby]]>
              </value>
            </param>
            <param index="1">
              <value>
                <![CDATA[Shelby]]>
              </value>
            </param>
          </params>
          <reporter-output>
          </reporter-output>
        </test-method> <!-- LikeButton -->
        <test-method is-config="true" signature="tearDownTest(org.testng.ITestResult)[pri:0, instance:LikeButtonTest@2e005c4b]" started-at="2024-04-20T19:22:59 EEST" name="tearDownTest" finished-at="2024-04-20T19:23:00 EEST" duration-ms="732" status="PASS">
          <params>
            <param index="0">
              <value>
                <![CDATA[[TestResult name=LikeButton status=SUCCESS method=LikeButtonTest.LikeButton(java.lang.String,java.lang.String)[pri:0, instance:LikeButtonTest@2e005c4b] output={null}]]]>
              </value>
            </param>
          </params>
          <reporter-output>
          </reporter-output>
        </test-method> <!-- tearDownTest -->
      </class> <!-- LikeButtonTest -->
      <class name="LoginTest">
        <test-method is-config="true" signature="setupTestSuite()[pri:0, instance:LoginTest@158da8e]" started-at="2024-04-20T19:22:44 EEST" name="setupTestSuite" finished-at="2024-04-20T19:22:44 EEST" duration-ms="309" status="PASS">
          <reporter-output>
          </reporter-output>
        </test-method> <!-- setupTestSuite -->
        <test-method is-config="true" signature="setUpTest()[pri:0, instance:LoginTest@158da8e]" started-at="2024-04-20T19:22:44 EEST" name="setUpTest" finished-at="2024-04-20T19:22:46 EEST" duration-ms="1670" status="PASS">
          <reporter-output>
          </reporter-output>
        </test-method> <!-- setUpTest -->
        <test-method signature="loginTest(java.lang.String,java.lang.String)[pri:0, instance:LoginTest@158da8e]" started-at="2024-04-20T19:22:46 EEST" name="loginTest" data-provider="getUser" finished-at="2024-04-20T19:22:49 EEST" duration-ms="3405" status="PASS">
          <params>
            <param index="0">
              <value>
                <![CDATA[Shelby]]>
              </value>
            </param>
            <param index="1">
              <value>
                <![CDATA[Shelby]]>
              </value>
            </param>
          </params>
          <reporter-output>
          </reporter-output>
        </test-method> <!-- loginTest -->
        <test-method is-config="true" signature="tearDownTest(org.testng.ITestResult)[pri:0, instance:LoginTest@158da8e]" started-at="2024-04-20T19:22:49 EEST" name="tearDownTest" finished-at="2024-04-20T19:22:50 EEST" duration-ms="663" status="PASS">
          <params>
            <param index="0">
              <value>
                <![CDATA[[TestResult name=loginTest status=SUCCESS method=LoginTest.loginTest(java.lang.String,java.lang.String)[pri:0, instance:LoginTest@158da8e] output={null}]]]>
              </value>
            </param>
          </params>
          <reporter-output>
          </reporter-output>
        </test-method> <!-- tearDownTest -->
        <test-method is-config="true" signature="deleteDownloadFiles()[pri:0, instance:LoginTest@158da8e]" started-at="2024-04-20T19:23:00 EEST" name="deleteDownloadFiles" finished-at="2024-04-20T19:23:00 EEST" duration-ms="1" status="PASS">
          <reporter-output>
          </reporter-output>
        </test-method> <!-- deleteDownloadFiles -->
      </class> <!-- LoginTest -->
    </test> <!-- Tests -->
  </suite> <!-- Web test suite -->
</testng-results>
